CRITICAL - 2021-01-06 08:50:53 --> syntax error, unexpected 'class' (T_CLASS), expecting '{'
#0 C:\xampp\htdocs\sipd-importer\system\Autoloader\Autoloader.php(296): CodeIgniter\Autoloader\Autoloader->requireFile('C:\\xampp\\htdocs...')
#1 C:\xampp\htdocs\sipd-importer\system\Autoloader\Autoloader.php(258): CodeIgniter\Autoloader\Autoloader->loadInNamespace('App\\Libraries\\C...')
#2 [internal function]: CodeIgniter\Autoloader\Autoloader->loadClass('App\\Libraries\\C...')
#3 C:\xampp\htdocs\sipd-importer\app\Controllers\Home.php(8): spl_autoload_call('App\\Libraries\\C...')
#4 C:\xampp\htdocs\sipd-importer\system\CodeIgniter.php(890): App\Controllers\Home->__construct()
#5 C:\xampp\htdocs\sipd-importer\system\CodeIgniter.php(399): CodeIgniter\CodeIgniter->createController()
#6 C:\xampp\htdocs\sipd-importer\system\CodeIgniter.php(312): CodeIgniter\CodeIgniter->handleRequest(NULL, Object(Config\Cache), false)
#7 C:\xampp\htdocs\sipd-importer\public\index.php(45): CodeIgniter\CodeIgniter->run()
#8 {main}
CRITICAL - 2021-01-06 08:51:13 --> Class 'App\Controllers\Client' not found
#0 C:\xampp\htdocs\sipd-importer\system\CodeIgniter.php(890): App\Controllers\Home->__construct()
#1 C:\xampp\htdocs\sipd-importer\system\CodeIgniter.php(399): CodeIgniter\CodeIgniter->createController()
#2 C:\xampp\htdocs\sipd-importer\system\CodeIgniter.php(312): CodeIgniter\CodeIgniter->handleRequest(NULL, Object(Config\Cache), false)
#3 C:\xampp\htdocs\sipd-importer\public\index.php(45): CodeIgniter\CodeIgniter->run()
#4 {main}
CRITICAL - 2021-01-06 08:52:03 --> Class 'App\Controllers\Client' not found
#0 C:\xampp\htdocs\sipd-importer\system\CodeIgniter.php(890): App\Controllers\Home->__construct()
#1 C:\xampp\htdocs\sipd-importer\system\CodeIgniter.php(399): CodeIgniter\CodeIgniter->createController()
#2 C:\xampp\htdocs\sipd-importer\system\CodeIgniter.php(312): CodeIgniter\CodeIgniter->handleRequest(NULL, Object(Config\Cache), false)
#3 C:\xampp\htdocs\sipd-importer\public\index.php(45): CodeIgniter\CodeIgniter->run()
#4 {main}
